<?xml version="1.0" encoding="UTF-8"?>
<testng-results ignored="0" total="1" passed="1" failed="0" skipped="0">
  <reporter-output>
  </reporter-output>
  <suite started-at="2023-05-03T18:28:08 IST" name="Default suite" finished-at="2023-05-03T18:29:31 IST" duration-ms="82939">
    <groups>
    </groups>
    <test started-at="2023-05-03T18:28:08 IST" name="Default test" finished-at="2023-05-03T18:29:31 IST" duration-ms="82939">
      <class name="Project.tests.Signup">
        <test-method signature="SignUp()[pri:0, instance:Project.tests.Signup@741a8937]" started-at="2023-05-03T18:28:08 IST" name="SignUp" finished-at="2023-05-03T18:29:30 IST" duration-ms="81972" status="PASS">
          <reporter-output>
          </reporter-output>
        </test-method> <!-- SignUp -->
        <test-method is-config="true" signature="close()[pri:0, instance:Project.tests.Signup@741a8937]" started-at="2023-05-03T18:29:30 IST" name="close" finished-at="2023-05-03T18:29:31 IST" duration-ms="853" status="PASS">
          <reporter-output>
          </reporter-output>
        </test-method> <!-- close -->
      </class> <!-- Project.tests.Signup -->
    </test> <!-- Default test -->
  </suite> <!-- Default suite -->
</testng-results>
